1563079501369	mozrunner::runner	INFO	Running command: "C:\\Program Files\\Mozilla Firefox\\firefox.exe" "-marionette" "-foreground" "-no-remote" "-profile" "C:\\Users\\shekar\\AppData\\Local\\Temp\\rust_mozprofile.tM7PzLoDzxfs"
1563079504721	addons.webextension.screenshots@mozilla.org	WARN	Loading extension 'screenshots@mozilla.org': Reading manifest: Invalid extension permission: mozillaAddons
1563079504721	addons.webextension.screenshots@mozilla.org	WARN	Loading extension 'screenshots@mozilla.org': Reading manifest: Invalid extension permission: telemetry
1563079504721	addons.webextension.screenshots@mozilla.org	WARN	Loading extension 'screenshots@mozilla.org': Reading manifest: Invalid extension permission: resource://pdf.js/
1563079504722	addons.webextension.screenshots@mozilla.org	WARN	Loading extension 'screenshots@mozilla.org': Reading manifest: Invalid extension permission: about:reader*
[GFX1]: Potential driver version mismatch ignored due to missing DLLs igd10umd32 v= and igd10iumd32 v=
[GFX1]: Potential driver version mismatch ignored due to missing DLLs igd10umd32 v= and igd10iumd32 v=
[GFX1]: Potential driver version mismatch ignored due to missing DLLs igd10umd32 v= and igd10iumd32 v=
[GFX1]: Potential driver version mismatch ignored due to missing DLLs igd10umd32 v= and igd10iumd32 v=
[GFX1]: Potential driver version mismatch ignored due to missing DLLs igd10umd32 v= and igd10iumd32 v=
1563079511228	Marionette	INFO	Listening on port 7221
1563079511327	Marionette	WARN	TLS certificate errors will be ignored for this session
1563079529002	Marionette	INFO	Stopped listening on port 7221
[Child 8332, Chrome_ChildThread] WARNING: pipe error: 109: file z:/task_1562356069/build/src/ipc/chromium/src/chrome/common/ipc_channel_win.cc, line 341
[Child 8332, Chrome_ChildThread] WARNING: pipe error: 109: file z:/task_1562356069/build/src/ipc/chromium/src/chrome/common/ipc_channel_win.cc, line 341

###!!! [Child][RunMessage] Error: Channel closing: too late to send/recv, messages will be lost

[GPU 324, Chrome_ChildThread] WARNING: pipe error: 109: file z:/task_1562356069/build/src/ipc/chromium/src/chrome/common/ipc_channel_win.cc, line 341

###!!! [Child][MessageChannel::SendAndWait] Error: Channel error: cannot send/recv

1563081412870	mozrunner::runner	INFO	Running command: "C:\\Program Files\\Mozilla Firefox\\firefox.exe" "-marionette" "-foreground" "-no-remote" "-profile" "C:\\Users\\shekar\\AppData\\Local\\Temp\\rust_mozprofile.kT1LQ5wDsbvt"
1563081414235	addons.webextension.screenshots@mozilla.org	WARN	Loading extension 'screenshots@mozilla.org': Reading manifest: Invalid extension permission: mozillaAddons
1563081414236	addons.webextension.screenshots@mozilla.org	WARN	Loading extension 'screenshots@mozilla.org': Reading manifest: Invalid extension permission: telemetry
1563081414236	addons.webextension.screenshots@mozilla.org	WARN	Loading extension 'screenshots@mozilla.org': Reading manifest: Invalid extension permission: resource://pdf.js/
1563081414236	addons.webextension.screenshots@mozilla.org	WARN	Loading extension 'screenshots@mozilla.org': Reading manifest: Invalid extension permission: about:reader*
[GFX1]: Potential driver version mismatch ignored due to missing DLLs igd10umd32 v= and igd10iumd32 v=
[GFX1]: Potential driver version mismatch ignored due to missing DLLs igd10umd32 v= and igd10iumd32 v=
[GFX1]: Potential driver version mismatch ignored due to missing DLLs igd10umd32 v= and igd10iumd32 v=
[GFX1]: Potential driver version mismatch ignored due to missing DLLs igd10umd32 v= and igd10iumd32 v=
[GFX1]: Potential driver version mismatch ignored due to missing DLLs igd10umd32 v= and igd10iumd32 v=
1563081417364	Marionette	INFO	Listening on port 7412
1563081417787	Marionette	WARN	TLS certificate errors will be ignored for this session
1563081435342	Marionette	INFO	Stopped listening on port 7412

###!!! [Child][MessageChannel::SendAndWait] Error: Channel error: cannot send/recv

